Log file open, 05/13/15 12:29:19
LogInit:Display: Running engine for game: Template
LogInit: Version: 4.7.6-2513093+++depot+UE4-Releases+4.7
LogInit: API Version: 2455222
LogInit: Compiled (64-bit): Apr 15 2015 12:09:54
LogInit: Compiled with Visual C++: 18.00.21005.01
LogInit: Build Configuration: Development
LogInit: Branch Name: ++depot+UE4-Releases+4.7
LogInit: Command line:  
LogInit: Base directory: C:/Program Files/Epic Games/4.7/Engine/Binaries/Win64/
LogInit: Rocket: 1
[2015.05.13-19.29.19:022][  0]LogTaskGraph: Started task graph with 3 named threads and 6 total threads.
[2015.05.13-19.29.19:102][  0]LogOnline:Warning: No default platform service specified for OnlineSubsystem
[2015.05.13-19.29.19:211][  0]LogInit: Presizing for 0 objects not considered by GC, pre-allocating 0 bytes.
[2015.05.13-19.29.19:222][  0]LogInit: Object subsystem initialized
[2015.05.13-19.29.19:236][  0]LogInit: Selected Device Profile: [Windows]
[2015.05.13-19.29.19:236][  0]LogInit: Applying CVar settings loaded from the selected device profile: [Windows]
[2015.05.13-19.29.19:253][  0]LogInit: Computer: TON-LAPTOP
[2015.05.13-19.29.19:253][  0]LogInit: User: Jose
[2015.05.13-19.29.19:253][  0]LogInit: CPU Page size=4096, Cores=4
[2015.05.13-19.29.19:253][  0]LogInit: High frequency timer resolution =2.338446 MHz
[2015.05.13-19.29.19:253][  0]LogMemory: Memory total: Physical=7.9GB (8GB approx) Virtual=131072.0GB
[2015.05.13-19.29.19:253][  0]LogMemory: Platform Memory Stats for Windows
[2015.05.13-19.29.19:253][  0]LogMemory: Process Physical Memory: 46.25 MB used, 46.25 MB peak
[2015.05.13-19.29.19:253][  0]LogMemory: Process Virtual Memory: 26.51 MB used, 26.52 MB peak
[2015.05.13-19.29.19:253][  0]LogMemory: Physical Memory: 3908.44 MB used, 8057.77 MB total
[2015.05.13-19.29.19:253][  0]LogMemory: Virtual Memory: 289.01 MB used, 134217728.00 MB total
[2015.05.13-19.29.19:325][  0]LogD3D11RHI: Found D3D11 adapter 0: Intel(R) HD Graphics 4000 (Feature Level 11_0)
[2015.05.13-19.29.19:325][  0]LogD3D11RHI: Adapter has 32MB of dedicated video memory, 0MB of dedicated system memory, and 1760MB of shared system memory, 1 output[s]
[2015.05.13-19.29.19:350][  0]LogD3D11RHI: Found D3D11 adapter 1: NVIDIA GeForce GTX 660M (Feature Level 11_0)
[2015.05.13-19.29.19:350][  0]LogD3D11RHI: Adapter has 1987MB of dedicated video memory, 0MB of dedicated system memory, and 2048MB of shared system memory, 0 output[s]
[2015.05.13-19.29.19:353][  0]LogD3D11RHI: Found D3D11 adapter 2: Microsoft Basic Render Driver (Feature Level 11_0)
[2015.05.13-19.29.19:353][  0]LogD3D11RHI: Adapter has 0MB of dedicated video memory, 0MB of dedicated system memory, and 256MB of shared system memory, 0 output[s]
[2015.05.13-19.29.19:353][  0]LogD3D11RHI: Chosen D3D11 Adapter Id = 0
[2015.05.13-19.29.19:359][  0]LogRHI: Texture pool is 1361 MB (70% of 1945 MB)
[2015.05.13-19.29.19:379][  0]LogD3D11RHI: Async texture creation enabled
[2015.05.13-19.29.20:019][  0]LogTextLocalizationManager: The requested culture ('en_US') has no localization data; parent culture's ('en') localization data will be used.
[2015.05.13-19.29.20:092][  0]LogTextLocalizationManager:Warning: Loading localization resources contain conflicting entries for (Namespace:UICommands, Key:Save_ToolTip):
Resource: (C:/Program Files/Epic Games/4.7/Engine/Content/Localization/Editor/en/Editor.locres) Hash: (-29098895) String: (Saves the current level to disk)
Resource: (C:/Program Files/Epic Games/4.7/Engine/Content/Localization/Engine/en/Engine.locres) Hash: (-1280300587) String: (Save selected data to vlog file)
[2015.05.13-19.29.20:092][  0]LogTextLocalizationManager:Warning: Loading localization resources contain conflicting entries for (Namespace:ContentBrowser, Key:ImportAssetToolTip):
Resource: (C:/Program Files/Epic Games/4.7/Engine/Content/Localization/Editor/en/Editor.locres) Hash: (-630476809) String: (Import to {0}...)
Resource: (C:/Program Files/Epic Games/4.7/Engine/Content/Localization/Editor/en/Editor.locres) Hash: (1271782899) String: (Imports an asset from file to this folder.)
[2015.05.13-19.29.20:174][  0]LogContentStreaming: Texture pool size is 0.000000MB
[2015.05.13-19.29.24:132][  0]LogTargetPlatformManager:Display: Building Assets For Windows
[2015.05.13-19.29.25:678][  0]LogTargetPlatformManager:Display: Building Assets For Windows
[2015.05.13-19.29.25:811][  0]LogDerivedDataCache:Display: Max Cache Size: 512 MB
[2015.05.13-19.29.25:937][  0]LogDerivedDataCache: Loaded boot cache 0.13s 39MB C:/Users/Jose/AppData/Local/UnrealEngine/4.7/DerivedDataCache/Boot.ddc.
[2015.05.13-19.29.25:937][  0]LogDerivedDataCache:Display: Loaded Boot cache: C:/Users/Jose/AppData/Local/UnrealEngine/4.7/DerivedDataCache/Boot.ddc
[2015.05.13-19.29.25:937][  0]LogDerivedDataCache: FDerivedDataBackendGraph:  Pak pak cache file ../../../../../../Users/Jose/Documents/Unreal Projects/ProjectKY/DerivedDataCache/DDC.ddp not found, will not use a pak cache.
[2015.05.13-19.29.25:937][  0]LogDerivedDataCache: Unable to find inner node Pak for hierarchical cache Hierarchy.
[2015.05.13-19.29.26:097][  0]LogDerivedDataCache:Display: Pak cache opened for reading ../../../Engine/DerivedDataCache/Compressed.ddp.
[2015.05.13-19.29.26:111][  0]LogDerivedDataCache: Using Local data cache path C:/Users/Jose/AppData/Local/UnrealEngine/Common/DerivedDataCache: Writable
[2015.05.13-19.29.28:734][  0]LogMeshUtilities: No automatic mesh reduction module available
[2015.05.13-19.29.28:734][  0]LogMeshUtilities: No automatic mesh merging module available
[2015.05.13-19.29.29:537][  0]LogInit: WinSock: version 1.1 (2.2), MaxSocks=32767, MaxUdp=65467
[2015.05.13-19.29.29:830][  0]LogSlate:Warning: Failed to load font data from '../../../Engine/Content/Slate/Fonts/Roboto-Italic.ttf'
[2015.05.13-19.29.33:013][  0]UdpMessaging: Initializing bridge on interface 0.0.0.0:0 to multicast group 230.0.0.1:6666.
[2015.05.13-19.29.33:730][  0]SourceControl: Info Source control is disabled
[2015.05.13-19.29.33:730][  0]SourceControl: Info Source control is disabled
[2015.05.13-19.29.33:730][  0]SourceControl: Info Source control is disabled
[2015.05.13-19.29.33:730][  0]LogSourceControl: RunCommandInternalRaw: 'git version'
[2015.05.13-19.29.33:730][  0]LogSourceControl: RunCommandInternalRaw: ExecProcess ReturnCode=2 OutResults=''
[2015.05.13-19.29.33:746][  0]SourceControl: Info Source control is disabled
[2015.05.13-19.29.34:496][  0]LogObj: 24232 objects as part of root set at end of initial load.
[2015.05.13-19.29.34:496][  0]LogUObjectAllocator: 5137176 out of 0 bytes used by permanent object pool.
[2015.05.13-19.29.34:692][  0]LogEngine: Initializing Engine...
[2015.05.13-19.29.36:992][  0]LogInit: XAudio2 using 'Speakers (Realtek High Definition Audio)' : 2 channels at 48 kHz using 32 bits per sample (channel mask 0x3)
[2015.05.13-19.29.37:494][  0]LogInit: FAudioDevice initialized.
[2015.05.13-19.29.37:580][  0]LogAIModule: Creating AISystem for world NewWorld
[2015.05.13-19.29.37:601][  0]LogDerivedDataCache: Saved boot cache 0.02s 39MB C:/Users/Jose/AppData/Local/UnrealEngine/4.7/DerivedDataCache/Boot.ddc.
[2015.05.13-19.29.37:605][  0]LogInit: Texture streaming: Enabled
[2015.05.13-19.29.37:832][  0]LogAnalytics: Creating configured Analytics provider AnalyticsET
[2015.05.13-19.29.37:832][  0]LogAnalytics: ET APIKey = Rocket.Release. APIServer = http://et2.epicgames.com/ET2/. AppVersion = 4.7.6-2513093+++depot+UE4-Releases+4.7
[2015.05.13-19.29.37:832][  0]LogAnalytics: ET APIKey = Rocket.Release. DataRouterUploadURL = https://datarouter-public-service-gamedev.ol.epicgames.net/datarouter/api/v1/public/data. AppVersion = 4.7.6-2513093+++depot+UE4-Releases+4.7
[2015.05.13-19.29.37:833][  0]LogAnalytics: SetUserId d54954424e4db83ddf51c5a4e4c6364a|49b0f3f337ad49818cd4c9de529e7d46|7eb4e93a-35aa-4db5-a179-1150e7b0dc46
[2015.05.13-19.29.37:833][  0]LogAnalytics: AnalyticsET::StartSession [Rocket.Release]
[2015.05.13-19.29.37:953][  0]LogInit: Transaction tracking system initialized
[2015.05.13-19.29.38:586][  0]BlueprintLog: New page: Editor Load
[2015.05.13-19.29.38:663][  0]LogAssetRegistry: FAssetRegistry took 0.0112 seconds to start up
[2015.05.13-19.29.38:663][  0]LogDirectoryWatcher:Warning: Failed to begin reading directory changes for ../../../Engine/Plugins/Experimental/CharacterAI/Content/. Error: 0
[2015.05.13-19.29.39:909][  0]LogTargetPlatformManager:Display: Building Assets For Windows
[2015.05.13-19.29.40:451][  0]LogTargetPlatformManager:Display: Building Assets For Windows
[2015.05.13-19.29.41:302][  0]LogSlate:Warning: Failed to load font data from '../../../Engine/Content/Editor/Slate/Fonts/Roboto-Regular.ttf'
[2015.05.13-19.29.41:303][  0]LogSlate:Warning: Failed to load font data from '../../../Engine/Content/Editor/Slate/Fonts/Roboto-Bold.ttf'
[2015.05.13-19.29.41:314][  0]LogConsoleResponse:Display: 
[2015.05.13-19.29.41:630][  0]LogCook:Display: Done creating registry. It took  0.00s.
[2015.05.13-19.29.42:186][  0]SourceControl: Info Source control is disabled
[2015.05.13-19.29.42:186][  0]Cmd: MAP LOAD FILE="../../../../../../Users/Jose/Documents/Unreal Projects/ProjectKY/Content/Maps/KYMAp.umap" TEMPLATE=0 SHOWPROGRESS=1 FEATURELEVEL=3
[2015.05.13-19.29.42:190][  0]LightingResults: New page: Lighting Build
[2015.05.13-19.29.42:210][  0]MapCheck: New page: Map Check
[2015.05.13-19.29.42:210][  0]LightingResults: New page: Lighting Build
[2015.05.13-19.29.42:218][  0]LogParticles: Destroying 0 GPU particle simulations for FXSystem 0x000000D6AF362520
[2015.05.13-19.29.47:734][  0]LogEditorServer: Finished looking for orphan Actors (0.000 secs)
[2015.05.13-19.29.47:735][  0]LogAIModule: Creating AISystem for world KYMAp
[2015.05.13-19.29.47:736][  0]Cmd: MAP CHECKDEP
[2015.05.13-19.29.47:736][  0]MapCheck: New page: KYMAp - May 13, 2015, 5:29:47 AM
[2015.05.13-19.29.47:936][  0]MapCheck: Info Map check complete: 0 Error(s), 0 Warning(s), took 200.319ms to complete.
[2015.05.13-19.29.47:936][  0]LogFileHelpers: Loading map 'KYMAp' took 5.750
[2015.05.13-19.29.48:133][  0]LogCollectionManager: Loaded 0 collections in 0.002152 seconds
[2015.05.13-19.29.48:146][  0]LogContentBrowser: Native class hierarchy populated in 0.0135 seconds. Added 1696 classes and 261 folders.
[2015.05.13-19.29.48:237][  0]LogContentBrowser: Native class hierarchy updated for 'SceneOutliner' in 0.0053 seconds. Added 1 classes and 2 folders.
[2015.05.13-19.29.48:416][  0]LogCrashTracker: Crashtracker disabled due to settings.
[2015.05.13-19.29.48:418][  0]LogSlate:Warning: Failed to load font data from 'Veranda'
[2015.05.13-19.29.48:429][  0]LogUObjectGlobals:Warning: Failed to find object 'Class None.'
[2015.05.13-19.29.48:463][  0]LogLoad: Full Startup: 33.04 seconds (BP compile: 2.40 seconds)
[2015.05.13-19.29.49:001][  0]LogContentBrowser:Verbose: The content browser source was changed by the sources view to '/Game/Blueprints/Enemies'
[2015.05.13-19.29.49:236][  0]LogRenderer:Warning: Reallocating scene render targets to support 856x400 (Frame:2).
[2015.05.13-19.29.53:041][ 12]LogAssetRegistry: Asset discovery search completed in 14.3893 seconds
[2015.05.13-19.30.43:682][ 29]BlueprintLog: New page: Compile Enemy
[2015.05.13-19.30.43:977][ 29]BlueprintEditorCompileResults: Info [0088.56] Compile of Enemy successful! [in 295 ms]
[2015.05.13-19.30.44:701][103]Cmd: OBJ SAVEPACKAGE PACKAGE="/Game/Blueprints/Enemies/Enemy" FILE="../../../../../../Users/Jose/Documents/Unreal Projects/ProjectKY/Content/Blueprints/Enemies/Enemy.uasset" SILENT=true
[2015.05.13-19.30.44:918][103]LogSavePackage: Save=177.574341ms
[2015.05.13-19.30.44:918][103]LogSavePackage: Moving '../../../../../../Users/Jose/Documents/Unreal Projects/ProjectKY/Saved/Enemy609A42A04130E0BCF90BE7A7C7DCE10B.tmp' to '../../../../../../Users/Jose/Documents/Unreal Projects/ProjectKY/Content/Blueprints/Enemies/Enemy.uasset'
[2015.05.13-19.31.47:705][904]Cmd: OBJ SAVEPACKAGE PACKAGE="/Game/Maps/KYMAp" FILE="../../../../../../Users/Jose/Documents/Unreal Projects/ProjectKY/Content/Maps/KYMAp.umap" SILENT=true AUTOSAVING=false KEEPDIRTY=false
[2015.05.13-19.31.47:957][904]LogSavePackage: Save=190.476929ms
[2015.0