Log file open, 05/13/15 08:02:32
LogInit:Display: Running engine for game: Template
LogInit: Version: 4.7.6-2513093+++depot+UE4-Releases+4.7
LogInit: API Version: 2455222
LogInit: Compiled (64-bit): Apr 15 2015 12:09:54
LogInit: Compiled with Visual C++: 18.00.21005.01
LogInit: Build Configuration: Development
LogInit: Branch Name: ++depot+UE4-Releases+4.7
LogInit: Command line:  
LogInit: Base directory: C:/Program Files/Epic Games/4.7/Engine/Binaries/Win64/
LogInit: Rocket: 1
[2015.05.13-15.02.32:198][  0]LogTaskGraph: Started task graph with 3 named threads and 6 total threads.
[2015.05.13-15.02.32:262][  0]LogOnline:Warning: No default platform service specified for OnlineSubsystem
[2015.05.13-15.02.32:372][  0]LogInit: Presizing for 0 objects not considered by GC, pre-allocating 0 bytes.
[2015.05.13-15.02.32:383][  0]LogInit: Object subsystem initialized
[2015.05.13-15.02.32:396][  0]LogInit: Selected Device Profile: [Windows]
[2015.05.13-15.02.32:396][  0]LogInit: Applying CVar settings loaded from the selected device profile: [Windows]
[2015.05.13-15.02.32:412][  0]LogInit: Computer: TON-LAPTOP
[2015.05.13-15.02.32:412][  0]LogInit: User: Jose
[2015.05.13-15.02.32:412][  0]LogInit: CPU Page size=4096, Cores=4
[2015.05.13-15.02.32:412][  0]LogInit: High frequency timer resolution =2.338447 MHz
[2015.05.13-15.02.32:412][  0]LogMemory: Memory total: Physical=7.9GB (8GB approx) Virtual=131072.0GB
[2015.05.13-15.02.32:412][  0]LogMemory: Platform Memory Stats for Windows
[2015.05.13-15.02.32:412][  0]LogMemory: Process Physical Memory: 46.27 MB used, 46.27 MB peak
[2015.05.13-15.02.32:412][  0]LogMemory: Process Virtual Memory: 24.57 MB used, 24.57 MB peak
[2015.05.13-15.02.32:412][  0]LogMemory: Physical Memory: 5265.51 MB used, 8057.77 MB total
[2015.05.13-15.02.32:412][  0]LogMemory: Virtual Memory: 287.07 MB used, 134217728.00 MB total
[2015.05.13-15.02.32:486][  0]LogD3D11RHI: Found D3D11 adapter 0: Intel(R) HD Graphics 4000 (Feature Level 11_0)
[2015.05.13-15.02.32:486][  0]LogD3D11RHI: Adapter has 32MB of dedicated video memory, 0MB of dedicated system memory, and 1760MB of shared system memory, 1 output[s]
[2015.05.13-15.02.32:511][  0]LogD3D11RHI: Found D3D11 adapter 1: NVIDIA GeForce GTX 660M (Feature Level 11_0)
[2015.05.13-15.02.32:511][  0]LogD3D11RHI: Adapter has 1987MB of dedicated video memory, 0MB of dedicated system memory, and 2048MB of shared system memory, 0 output[s]
[2015.05.13-15.02.32:515][  0]LogD3D11RHI: Found D3D11 adapter 2: Microsoft Basic Render Driver (Feature Level 11_0)
[2015.05.13-15.02.32:515][  0]LogD3D11RHI: Adapter has 0MB of dedicated video memory, 0MB of dedicated system memory, and 256MB of shared system memory, 0 output[s]
[2015.05.13-15.02.32:515][  0]LogD3D11RHI: Chosen D3D11 Adapter Id = 0
[2015.05.13-15.02.32:523][  0]LogRHI: Texture pool is 1361 MB (70% of 1945 MB)
[2015.05.13-15.02.32:544][  0]LogD3D11RHI: Async texture creation enabled
[2015.05.13-15.02.33:205][  0]LogTextLocalizationManager: The requested culture ('en_US') has no localization data; parent culture's ('en') localization data will be used.
[2015.05.13-15.02.33:284][  0]LogTextLocalizationManager:Warning: Loading localization resources contain conflicting entries for (Namespace:UICommands, Key:Save_ToolTip):
Resource: (C:/Program Files/Epic Games/4.7/Engine/Content/Localization/Editor/en/Editor.locres) Hash: (-29098895) String: (Saves the current level to disk)
Resource: (C:/Program Files/Epic Games/4.7/Engine/Content/Localization/Engine/en/Engine.locres) Hash: (-1280300587) String: (Save selected data to vlog file)
[2015.05.13-15.02.33:284][  0]LogTextLocalizationManager:Warning: Loading localization resources contain conflicting entries for (Namespace:ContentBrowser, Key:ImportAssetToolTip):
Resource: (C:/Program Files/Epic Games/4.7/Engine/Content/Localization/Editor/en/Editor.locres) Hash: (-630476809) String: (Import to {0}...)
Resource: (C:/Program Files/Epic Games/4.7/Engine/Content/Localization/Editor/en/Editor.locres) Hash: (1271782899) String: (Imports an asset from file to this folder.)
[2015.05.13-15.02.33:365][  0]LogContentStreaming: Texture pool size is 0.000000MB
[2015.05.13-15.02.37:449][  0]LogTargetPlatformManager:Display: Building Assets For Windows
[2015.05.13-15.02.39:223][  0]LogTargetPlatformManager:Display: Building Assets For Windows
[2015.05.13-15.02.39:356][  0]LogDerivedDataCache:Display: Max Cache Size: 512 MB
[2015.05.13-15.02.39:476][  0]LogDerivedDataCache: Loaded boot cache 0.12s 43MB C:/Users/Jose/AppData/Local/UnrealEngine/4.7/DerivedDataCache/Boot.ddc.
[2015.05.13-15.02.39:476][  0]LogDerivedDataCache:Display: Loaded Boot cache: C:/Users/Jose/AppData/Local/UnrealEngine/4.7/DerivedDataCache/Boot.ddc
[2015.05.13-15.02.39:477][  0]LogDerivedDataCache: FDerivedDataBackendGraph:  Pak pak cache file ../../../../../../Users/Jose/Documents/Unreal Projects/ProjectKY/DerivedDataCache/DDC.ddp not found, will not use a pak cache.
[2015.05.13-15.02.39:477][  0]LogDerivedDataCache: Unable to find inner node Pak for hierarchical cache Hierarchy.
[2015.05.13-15.02.39:613][  0]LogDerivedDataCache:Display: Pak cache opened for reading ../../../Engine/DerivedDataCache/Compressed.ddp.
[2015.05.13-15.02.39:627][  0]LogDerivedDataCache: Using Local data cache path C:/Users/Jose/AppData/Local/UnrealEngine/Common/DerivedDataCache: Writable
[2015.05.13-15.02.42:113][  0]LogMeshUtilities: No automatic mesh reduction module available
[2015.05.13-15.02.42:113][  0]LogMeshUtilities: No automatic mesh merging module available
[2015.05.13-15.02.42:906][  0]LogInit: WinSock: version 1.1 (2.2), MaxSocks=32767, MaxUdp=65467
[2015.05.13-15.02.43:203][  0]LogSlate:Warning: Failed to load font data from '../../../Engine/Content/Slate/Fonts/Roboto-Italic.ttf'
[2015.05.13-15.02.45:914][  0]UdpMessaging: Initializing bridge on interface 0.0.0.0:0 to multicast group 230.0.0.1:6666.
[2015.05.13-15.02.46:647][  0]SourceControl: Info Source control is disabled
[2015.05.13-15.02.46:647][  0]SourceControl: Info Source control is disabled
[2015.05.13-15.02.46:647][  0]SourceControl: Info Source control is disabled
[2015.05.13-15.02.46:647][  0]LogSourceControl: RunCommandInternalRaw: 'git version'
[2015.05.13-15.02.46:647][  0]LogSourceControl: RunCommandInternalRaw: ExecProcess ReturnCode=2 OutResults=''
[2015.05.13-15.02.46:664][  0]SourceControl: Info Source control is disabled
[2015.05.13-15.02.47:429][  0]LogObj: 24232 objects as part of root set at end of initial load.
[2015.05.13-15.02.47:429][  0]LogUObjectAllocator: 5137176 out of 0 bytes used by permanent object pool.
[2015.05.13-15.02.47:628][  0]LogEngine: Initializing Engine...
[2015.05.13-15.02.49:934][  0]LogInit: XAudio2 using 'Speakers (Realtek High Definition Audio)' : 2 channels at 48 kHz using 32 bits per sample (channel mask 0x3)
[2015.05.13-15.02.50:116][  0]LogInit: FAudioDevice initialized.
[2015.05.13-15.02.50:209][  0]LogAIModule: Creating AISystem for world NewWorld
[2015.05.13-15.02.50:233][  0]LogDerivedDataCache: Saved boot cache 0.02s 39MB C:/Users/Jose/AppData/Local/UnrealEngine/4.7/DerivedDataCache/Boot.ddc.
[2015.05.13-15.02.50:238][  0]LogInit: Texture streaming: Enabled
[2015.05.13-15.02.50:461][  0]LogAnalytics: Creating configured Analytics provider AnalyticsET
[2015.05.13-15.02.50:461][  0]LogAnalytics: ET APIKey = Rocket.Release. APIServer = http://et2.epicgames.com/ET2/. AppVersion = 4.7.6-2513093+++depot+UE4-Releases+4.7
[2015.05.13-15.02.50:461][  0]LogAnalytics: ET APIKey = Rocket.Release. DataRouterUploadURL = https://datarouter-public-service-gamedev.ol.epicgames.net/datarouter/api/v1/public/data. AppVersion = 4.7.6-2513093+++depot+UE4-Releases+4.7
[2015.05.13-15.02.50:461][  0]LogAnalytics: SetUserId d54954424e4db83ddf51c5a4e4c6364a|49b0f3f337ad49818cd4c9de529e7d46|7eb4e93a-35aa-4db5-a179-1150e7b0dc46
[2015.05.13-15.02.50:461][  0]LogAnalytics: AnalyticsET::StartSession [Rocket.Release]
[2015.05.13-15.02.50:584][  0]LogInit: Transaction tracking system initialized
[2015.05.13-15.02.51:230][  0]BlueprintLog: New page: Editor Load
[2015.05.13-15.02.51:309][  0]LogAssetRegistry: FAssetRegistry took 0.0107 seconds to start up
[2015.05.13-15.02.51:310][  0]LogDirectoryWatcher:Warning: Failed to begin reading directory changes for ../../../Engine/Plugins/Experimental/CharacterAI/Content/. Error: 0
[2015.05.13-15.02.52:839][  0]LogTargetPlatformManager:Display: Building Assets For Windows
[2015.05.13-15.02.53:663][  0]LogTargetPlatformManager:Display: Building Assets For Windows
[2015.05.13-15.02.54:503][  0]LogSlate:Warning: Failed to load font data from '../../../Engine/Content/Editor/Slate/Fonts/Roboto-Regular.ttf'
[2015.05.13-15.02.54:504][  0]LogSlate:Warning: Failed to load font data from '../../../Engine/Content/Editor/Slate/Fonts/Roboto-Bold.ttf'
[2015.05.13-15.02.54:516][  0]LogConsoleResponse:Display: 
[2015.05.13-15.02.54:732][  0]LogCook:Display: Done creating registry. It took  0.00s.
[2015.05.13-15.02.55:316][  0]SourceControl: Info Source control is disabled
[2015.05.13-15.02.55:316][  0]Cmd: MAP LOAD FILE="../../../../../../Users/Jose/Documents/Unreal Projects/ProjectKY/Content/Maps/KYMAp.umap" TEMPLATE=0 SHOWPROGRESS=1 FEATURELEVEL=3
[2015.05.13-15.02.55:317][  0]LightingResults: New page: Lighting Build
[2015.05.13-15.02.55:338][  0]MapCheck: New page: Map Check
[2015.05.13-15.02.55:338][  0]LightingResults: New page: Lighting Build
[2015.05.13-15.02.55:348][  0]LogParticles: Destroying 0 GPU particle simulations for FXSystem 0x000000BF6F38A520
[2015.05.13-15.03.00:788][  0]LogEditorServer: Finished looking for orphan Actors (0.000 secs)
[2015.05.13-15.03.00:790][  0]LogAIModule: Creating AISystem for world KYMAp
[2015.05.13-15.03.00:791][  0]Cmd: MAP CHECKDEP
[2015.05.13-15.03.00:791][  0]MapCheck: New page: KYMAp - May 13, 2015, 1:03:00 AM
[2015.05.13-15.03.00:991][  0]MapCheck: Info Map check complete: 0 Error(s), 0 Warning(s), took 200.649ms to complete.
[2015.05.13-15.03.00:992][  0]LogFileHelpers: Loading map 'KYMAp' took 5.676
[2015.05.13-15.03.01:257][  0]LogCollectionManager: Loaded 0 collections in 0.002099 seconds
[2015.05.13-15.03.01:271][  0]LogContentBrowser: Native class hierarchy populated in 0.0142 seconds. Added 1696 classes and 261 folders.
[2015.05.13-15.03.01:364][  0]LogContentBrowser: Native class hierarchy updated for 'SceneOutliner' in 0.0054 seconds. Added 1 classes and 2 folders.
[2015.05.13-15.03.01:551][  0]LogCrashTracker: Crashtracker disabled due to settings.
[2015.05.13-15.03.01:553][  0]LogSlate:Warning: Failed to load font data from 'Veranda'
[2015.05.13-15.03.01:561][  0]LogUObjectGlobals:Warning: Failed to find object 'Class None.'
[2015.05.13-15.03.01:599][  0]LogLoad: Full Startup: 33.17 seconds (BP compile: 2.45 seconds)
[2015.05.13-15.03.02:123][  0]LogContentBrowser:Verbose: The content browser source was changed by the sources view to '/Game/Blueprints'
[2015.05.13-15.03.02:417][  0]LogRenderer:Warning: Reallocating scene render targets to support 856x400 (Frame:2).
[2015.05.13-15.03.06:859][ 14]LogAssetRegistry: Asset discovery search completed in 15.5611 seconds
[2015.05.13-15.03.07:185][ 15]AssetReimport: New page: Outstanding source content changes 1:03:07 AM
[2015.05.13-15.03.15:823][361]LogPlayLevel: PIE:  No blueprints needed recompiling
[2015.05.13-15.03.15:823][361]PIE: New page: PIE session: KYMAp (May 13, 2015, 1:03:15 AM)
[2015.05.13-15.03.15:838][361]LogPlayLevel: PIE: StaticDuplicateObject took: (0.014325s)
[2015.05.13-15.03.15:838][361]LogPlayLevel: PIE: World Init took: (0.000572s)
[2015.05.13-15.03.15:839][361]LogPlayLevel: PIE: Created PIE world by copying editor world from /Game/Maps/KYMAp.KYMAp to /Game/Maps/UEDPIE_0_KYMAp.KYMAp (0.015125s)
[2015.05.13-15.03.15:893][361]LogWorld: Game class is '2DSideScrollerGameMode_C'
[2015.05.13-15.03.15:896][361]LogAIModule: Creating AISystem for world KYMAp
[2015.05.13-15.03.15:907][361]LogWorld: Bringing World /Game/Maps/UEDPIE_0_KYMAp.KYMAp up for play (max tick rate 60) at 2015.05.13-08.03.15
[2015.05.13-15.03.15:908][361]LogWorld: Bringing up level for play took: 0.011332
[2015.05.13-15.03.15:916][361]PIE: Info Play in editor start time for /Game/Maps/UEDPIE_0_KYMAp 0.826
[2015.05.13-15.03.24:036][840]LogParticles: Destroying 0 GPU particle simulations for FXSystem 0x000000BF7844F420
[2015.05.13-15.04.49:373][654]LogEditorViewport: Clicking on Actor (LMB): PaperSpriteActor (Background_Sprite_2)
[2015.05.13-15.04.51:800][798]LogEditorViewport: Clicking on Actor (LMB): Enemy_C (Enemy)
[2015.05.13-15.05.08:809][806]Cmd: OBJ SAVEPACKAGE PACKAGE="/Game/Maps/KYMAp" FILE="../../../../../../Users/Jose/Documents/Unreal Projects/ProjectKY/Content/Maps/KYMAp.umap" SILENT=true AUTOSAVING=false KEEPDIRTY=false
[2015.05.13-15.05.09:057][806]LogSavePackage: Save=182.291489ms
[2015.05.13-15.05.09:057][806]LogSavePackage: Moving '../../../../../../Users/Jose/Documents/Unreal Projects/ProjectKY/Saved/KYMAp903DEE644F14A8C11848F495A9B83437.tmp' to '../../../../../../Users/Jose/Documents/Unreal Projects/ProjectKY/Content/Maps/KYMAp.umap'
[2015.05.13-15.05.13:304][ 56]LogContentBrowser:Verbose: The content browser source was changed by the sources view to '/Game/Blueprints/Enemies'
[2015.05.13-15.05.36:271][414]LogLinker:Warning: CreateExport: Failed to load Parent for Function /Game/Blueprints/Enemies/SteveTheBadguy.SteveTheBadguy_C:UserConstructionScript; removing parent information, but keeping function
[2015.05.13-15.05.42:976][800]Cmd: OBJ SAVEPACKAGE PACKAGE="/Game/Maps/KYMAp" FILE="../../../../../../Users/Jose/Documents/Unreal Projects/ProjectKY/Content/Maps/KYMAp.umap" SILENT=true AUTOSAVING=false KEEPDIRTY=false
[2015.05.13-15.05.43:209][800]LogSavePackage: Save=180.813156ms
[2015.05.13-15.05.43:209][800]LogSavePackage: Moving '../../../../../../Users/Jose/Documents/Unreal Projects/ProjectKY/Saved/KYMAp6C65FFBC48B7BD272070819969778CF9.tmp' to '../../../../../../Users/Jose/Documents/Unreal Projects/ProjectKY/Content/Maps/KYMAp.umap'
[2015.05.13-15.20.02:013][849]Cmd: QUIT_EDITOR
[2015.05.13-15.20.02:270][849]LogExit: Preparing to exit.
[2015.05.13-15.20.02:491][849]LogExit: Editor shut down
[2015.05.13-15.20.02:491][849]LogExit: Transaction tracking system shut down
[2015.05.13-15.20.02:493][849]LogParticles: Destroying 0 GPU particle simulations for FXSystem 0x000000BF03376520
[2015.05.13-15.20.02:493][849]LogParticles: Destroying 0 GPU particle simulations for FXSystem 0x000000BF7CBC7BA0
[2015.05.13-15.20.02:493][849]LogParticles: Destroying 0 GPU particle simulations for FXSystem 0x000000BF09AA9260
[2015.05.13-15.20.02:535][849]LogExit: Object subsystem successfully closed.
[2015.05.13-15.20.02:630][849]LogModuleManager: Shutting down and abandoning module CrashTracker (177)
[2015.05.13-15.20.02:630][849]LogModuleManager: Shutting down and abandoning module SuperSearch (176)
[2015.05.13-15.20.02:630][849]LogModuleManager: Shutting down and abandoning module SceneOutliner (175)
[2015.05.13-15.20.02:630][849]LogModuleManager: Shutting down and abandoning module EditorWidgets (174)
[2015.05.13-15.20.02:630][849]LogModuleManager: Shutting down and abandoning module CollectionManager (173)
[2015.05.13-15.20.02:630][849]LogModuleManager: Shutting down and abandoning module StatsViewer (172)
[2015.05.13-15.20.02:630][849]LogModuleManager: Shutting down and abandoning module FoliageEdit (171)
[2015.05.13-15.20.02:630][849]LogModuleManager: Shutting down and abandoning module LandscapeEditor (170)
[2015.05.13-15.20.02:630][849]LogModuleManager: Shutting down and abandoning module MeshPaint (169)
[2015.05.13-15.20.02:630][849]LogModuleManager: Shutting down and abandoning module ActorPickerMode (168)
[2015.05.13-15.20.02:630][849]LogModuleManager: Shutting down and abandoning module GeometryMode (167)
[2015.05.13-15.20.02:630][849]LogModuleManager: Shutting down and abandoning module TextureAlignMode (166)
[2015.05.13-15.20.02:630][849]LogModuleManager: Shutting down and abandoning module BspMode (165)
[2015.05.13-15.20.02:630][849]LogModuleManager: Shutting down and abandoning module PlacementMode (164)
[2015.05.13-15.20.02:630][849]LogModuleManager: Shutting down and abandoning module AutomationWorker (163)
[2015.05.13-15.20.02:630][849]LogModuleManager: Shutting down and abandoning module CharacterAI (162)
[2015.05.13-15.20.02:630][849]LogModuleManager: Shutting down and abandoning module SmartSnapping (161)
[2015.05.13-15.20.02:630][849]LogModuleManager: Shutting down and abandoning module ViewportSnapping (160)
[2015.05.13-15.20.02:630][849]LogModuleManager: Shutting down and abandoning module LogVisualizer (159)
[2015.05.13-15.20.02:630][849]LogModuleManager: Shutting down and abandoning module GameProjectGeneration (158)
[2015.05.13-15.20.02:630][849]LogModuleManager: Shutting down and abandoning module IntroTutorials (157)
[2015.05.13-15.20.02:630][849]LogModuleManager: Shutting down and abandoning module EditorLiveStreaming (156)
[2015.05.13-15.20.02:630][849]LogModuleManager: Shutting down and abandoning module HardwareTargeting (155)
[2015.05.13-15.20.02:630][849]LogModuleManager: Shutting down and abandoning module DeviceProfileEditor (154)
[2015.05.13-15.20.02:630][849]LogModuleManager: Shutting down and abandoning module UndoHistory (153)
[2015.05.13-15.20.02:630][849]LogModuleManager: Shutting down and abandoning module GameplayTagsEditor (152)
[2015.05.13-15.20.02:630][849]LogModuleManager: Shutting down and abandoning module UserFeedback (151)
[2015.05.13-15.20.02:631][849]LogModuleManager: Shutting down and abandoning module XmlParser (150)
[2015.05.13-15.20.02:631][849]LogModuleManager: Shutting down and abandoning module Blutility (149)
[2015.05.13-15.20.02:631][849]LogModuleManager: Shutting down and abandoning module IOSPlatformEditor (148)
[2015.05.13-15.20.02:631][849]LogModuleManager: Shutting down and abandoning module IOSRuntimeSettings (147)
[2015.05.13-15.20.02:631][849]LogModuleManager: Shutting down and abandoning module AndroidDeviceDetection (146)
[2015.05.13-15.20.03:462][849]LogModuleManager: Shutting down and abandoning module AndroidPlatformEditor (145)
[2015.05.13-15.20.03:462][849]LogModuleManager: Shutting down and abandoning module AndroidRuntimeSettings (144)
[2015.05.13-15.20.03:462][849]LogModuleManager: Shutting down and abandoning module ProjectTargetPlatformEditor (143)
[2015.05.13-15.20.03:462][849]LogModuleManager: Shutting down and abandoning module ProjectSettingsViewer (142)
[2015.05.13-15.20.03:462][849]LogModuleManager: Shutting down and abandoning module InputBindingEditor (141)
[2015.05.13-15.20.03:463][849]LogModuleManager: Shutting down and abandoning module EditorSettingsViewer (140)
[2015.05.13-15.20.03:463][849]LogModuleManager: Shutting down and abandoning module SettingsEditor (139)
[2015.05.13-15.20.03:463][849]LogModuleManager: Shutting down and abandoning module ProjectLauncher (138)
[2015.05.13-15.20.03:463][849]LogModuleManager: Shutting down and abandoning module SessionFrontend (137)
[2015.05.13-15.20.03:463][849]LogModuleManager: Shutting down and abandoning module ProfilerClient (136)
[2015.05.13-15.20.03:463][849]LogModuleManager: Shutting down and abandoning module TargetDeviceServices (135)
[2015.05.13-15.20.03:463][849]LogModuleManager: Shutting down and abandoning module DeviceManager (134)
[2015.05.13-15.20.03:463][849]LogModuleManager: Shutting down and abandoning module AutomationController (133)
[2015.05.13-15.20.03:463][849]LogModuleManager: Shutting down and abandoning module AutomationWindow (132)
[2015.05.13-15.20.03:463][849]LogModuleManager: Shutting down and abandoning module Layers (131)
[2015.05.13-15.20.03:464][849]LogModuleManager: Shutting down and abandoning module ComponentVisualizers (130)
[2015.05.13-15.20.03:464][849]LogModuleManager: Shutting down and abandoning module DetailCustomizations (129)
[2015.05.13-15.20.03:464][849]LogModuleManager: Shutting down and abandoning module PackagesDialog (128)
[2015.05.13-15.20.03:464][849]LogModuleManager: Shutting down and abandoning module AssetRegistry (127)
[2015.05.13-15.20.03:549][849]LogModuleManager: Shutting down and abandoning module Persona (126)
[2015.05.13-15.20.03:549][849]LogModuleManager: Shutting down and abandoning module SlateReflector (125)
[2015.05.13-15.20.03:549][849]LogModuleManager: Shutting down and abandoning module LevelEditor (124)
[2015.05.13-15.20.03:550][849]LogModuleManager: Shutting down and abandoning module Kismet (123)
[2015.05.13-15.20.03:550][849]LogModuleManager: Shutting down and abandoning module GraphEditor (122)
[2015.05.13-15.20.03:550][849]LogModuleManager: Shutting down and abandoning module ClassViewer (121)
[2015.05.13-15.20.03:550][849]LogModuleManager: Shutting down and abandoning module Toolbox (120)
[2015.05.13-15.20.03:550][849]LogModuleManager: Shutting down and abandoning module ModuleUI (119)
[2015.05.13-15.20.03:550][849]LogModuleManager: Shutting down and abandoning module MovieSceneTools (118)
[2015.05.13-15.20.03:550][849]LogModuleManager: Shutting down and abandoning module OutputLog (117)
[2015.05.13-15.20.03:550][849]LogModuleManager: Shutting down and abandoning module GammaUI (116)
[2015.05.13-15.20.03:550][849]LogModuleManager: Shutting down and abandoning module Documentation (115)
[2015.05.13-15.20.03:550][849]LogModuleManager: Shutting down and abandoning module GameLiveStreaming (114)
[2015.05.13-15.20.03:551][849]LogModuleManager: Shutting down and abandoning module StreamingPauseRendering (113)
[2015.05.13-15.20.03:551][849]LogModuleManager: Shutting down and abandoning module HTTP (112)
[2015.05.13-15.20.03:551][849]LogModuleManager: Shutting down and abandoning module AnalyticsET (111)
[2015.05.13-15.20.03:551][849]LogModuleManager: Shutting down and abandoning module Analytics (110)
[2015.05.13-15.20.03:551][849]LogModuleManager: Shutting down and abandoning module AITestSuite (109)
[2015.05.13-15.20.03:551][849]LogModuleManager: Shutting down and abandoning module GameplayDebugger (108)
[2015.05.13-15.20.03:551][849]LogModuleManager: Shutting down and abandoning module AIModule (107)
[2015.05.13-15.20.03:551][849]LogModuleManager: Shutting down and abandoning module ProfilerService (106)
[2015.05.13-15.20.03:591][849]LogModuleManager: Shutting down and abandoning module TaskGraph (105)
[2015.05.13-15.20.03:591][849]LogModuleManager: Shutting down and abandoning module SlateRemote (104)
[2015.05.13-15.20.03:591][849]LogModuleManager: Shutting down and abandoning module ScriptEditorPlugin (103)
[2015.05.13-15.20.03:591][849]LogModuleManager: Shutting down and abandoning module CustomMeshComponent (102)
[2015.05.13-15.20.03:591][849]LogModuleManager: Shutting down and abandoning module CableComponent (101)
[2015.05.13-15.20.03:591][849]LogModuleManager: Shutting down and abandoning module MessagingDebugger (100)
[2015.05.13-15.20.03:591][849]LogModuleManager: Shutting down and abandoning module MediaPlayerEditor (99)
[2015.05.13-15.20.03:591][849]LogModuleManager: Shutting down and abandoning module SpeedTreeImporter (98)
[2015.05.13-15.20.03:591][849]LogModuleManager: Shutting down and abandoning module PluginsEditor (97)
[2015.05.13-15.20.03:591][849]LogModuleManager: Shutting down and abandoning module MainFrame (96)
[2015.05.13-15.20.03:591][849]LogModuleManager: Shutting down and abandoning module EpicSurvey (95)
[2015.05.13-15.20.03:591][849]LogModuleManager: Shutting down and abandoning module DesktopPlatform (94)
[2015.05.13-15.20.03:591][849]LogModuleManager: Shutting down and abandoning module DirectoryWatcher (93)
[2015.05.13-15.20.03:591][849]LogModuleManager: Shutting down and abandoning module HotReload (92)
[2015.05.13-15.20.03:591][849]LogModuleManager: Shutting down and abandoning module VisualStudioSourceCodeAccess (91)
[2015.05.13-15.20.03:591][849]LogModuleManager: Shutting down and abandoning module UObjectPlugin (90)
[2015.05.13-15.20.03:591][849]LogModuleManager: Shutting down and abandoning module SubversionSourceControl (89)
[2015.05.13-15.20.03:591][849]LogModuleManager: Shutting down and abandoning module PerforceSourceControl (88)
[2015.05.13-15.20.03:591][849]LogModuleManager: Shutting down and abandoning module SourceControl (87)
[2015.05.13-15.20.03:592][849]LogModuleManager: Shutting down and abandoning module GitSourceControl (86)
[2015.05.13-15.20.03:592][849]LogModuleManager: Shutting down and abandoning module BlankPlugin (85)
[2015.05.13-15.20.03:592][849]LogModuleManager: Shutting down and abandoning module PaperTiledImporter (84)
[2015.05.13-15.20.03:592][849]LogModuleManager: Shutting down and abandoning module PaperJsonImporter (83)
[2015.05.13-15.20.03:592][849]LogModuleManager: Shutting down and abandoning module ContentBrowser (82)
[2015.05.13-15.20.03:592][849]LogModuleManager: Shutting down and abandoning module Paper2DEditor (81)
[2015.05.13-15.20.03:592][849]LogModuleManager: Shutting down and abandoning module ScriptPlugin (80)
[2015.05.13-15.20.03:592][849]LogModuleManager: Shutting down and abandoning module UdpMessaging (79)
[2015.05.13-15.20.03:693][849]LogModuleManager: Shutting down and abandoning module Paper2D (78)
[2015.05.13-15.20.03:693][849]LogModuleManager: Shutting down and abandoning module WindowsMoviePlayer (77)
[2015.05.13-15.20.03:695][849]LogModuleManager: Shutting down and abandoning module Media (76)
[2015.05.13-15.20.03:695][849]LogModuleManager: Shutting down and abandoning module WmfMedia (75)
[2015.05.13-15.20.03:696][849]LogModuleManager: Shutting down and abandoning module OnlineBlueprintSupport (74)
[2015.05.13-15.20.03:696][849]LogModuleManager: Shutting down and abandoning module PropertyEditor (73)
[2015.05.13-15.20.03:696][849]LogModuleManager: Shutting down and abandoning module BehaviorTreeEditor (72)
[2015.05.13-15.20.03:696][849]LogModuleManager: Shutting down and abandoning module FunctionalTesting (71)
[2015.05.13-15.20.03:696][849]LogModuleManager: Shutting down and abandoning module CollisionAnalyzer (70)
[2015.05.13-15.20.03:696][849]LogModuleManager: Shutting down and abandoning module WorkspaceMenuStructure (69)
[2015.05.13-15.20.03:696][849]LogModuleManager: Shutting down and abandoning module MessageLog (68)
[2015.05.13-15.20.03:696][849]LogModuleManager: Shutting down and abandoning module Sequencer (67)
[2015.05.13-15.20.03:696][849]LogModuleManager: Shutting down and abandoning module AssetTools (66)
[2015.05.13-15.20.03:696][849]LogModuleManager: Shutting down and abandoning module UMGEditor (65)
[2015.05.13-15.20.03:696][849]LogModuleManager: Shutting down and abandoning module UMG (64)
[2015.05.13-15.20.03:696][849]LogModuleManager: Shutting down and abandoning module Slate (63)
[2015.05.13-15.20.03:696][849]LogModuleManager: Shutting down and abandoning module EditorStyle (62)
[2015.05.13-15.20.03:707][849]LogModuleManager: Shutting down and abandoning module SessionServices (61)
[2015.05.13-15.20.03:707][849]LogModuleManager: Shutting down and abandoning module SourceCodeAccess (60)
[2015.05.13-15.20.03:707][849]LogModuleManager: Shutting down and abandoning module HeadMountedDisplay (59)
[2015.05.13-15.20.03:707][849]LogModuleManager: Shutting down and abandoning module XAudio2 (58)
[2015.05.13-15.20.03:707][849]LogModuleManager: Shutting down and abandoning module Networking (56)
[2015.05.13-15.20.03:707][849]LogModuleManager: Shutting down and abandoning module Core (55)
[2015.05.13-15.20.03:707][849]LogModuleManager: Shutting down and abandoning module KismetCompiler (54)
[2015.05.13-15.20.03:707][849]LogModuleManager: Shutting down and abandoning module PhysXFormats (53)
[2015.05.13-15.20.03:707][849]LogModuleManager: Shutting down and abandoning module MeshUtilities (52)
[2015.05.13-15.20.03:707][849]LogModuleManager: Shutting down and abandoning module DerivedDataCache (51)
[2015.05.13-15.20.03:734][849]LogDerivedDataCache: Shutdown
[2015.05.13-15.20.03:734][849]LogModuleManager: Shutting down and abandoning module ShaderFormatOpenGL (50)
[2015.05.13-15.20.03:734][849]LogModuleManager: Shutting down and abandoning module ShaderFormatD3D (49)
[2015.05.13-15.20.03:734][849]LogModuleManager: Shutting down and abandoning module MetalShaderFormat (48)
[2015.05.13-15.20.03:734][849]LogModuleManager: Shutting down and abandoning module TextureFormatUncompressed (47)
[2015.05.13-15.20.03:734][849]LogModuleManager: Shutting down and abandoning module TextureFormatPVR (46)
[2015.05.13-15.20.03:734][849]LogModuleManager: Shutting down and abandoning module TextureFormatIntelISPCTexComp (45)
[2015.05.13-15.20.03:734][849]LogModuleManager: Shutting down and abandoning module TextureFormatDXT (44)
[2015.05.13-15.20.03:734][849]LogModuleManager: Shutting down and abandoning module ImageWrapper (43)
[2015.05.13-15.20.03:734][849]LogModuleManager: Shutting down and abandoning module TextureFormatASTC (42)
[2015.05.13-15.20.03:734][849]LogModuleManager: Shutting down and abandoning module TextureFormatAndroid (41)
[2015.05.13-15.20.03:734][849]LogModuleManager: Shutting down and abandoning module AudioFormatOpus (40)
[2015.05.13-15.20.03:734][849]LogModuleManager: Shutting down and abandoning module AudioFormatOgg (39)
[2015.05.13-15.20.03:734][849]LogModuleManager: Shutting down and abandoning module AudioFormatADPCM (38)
[2015.05.13-15.20.03:734][849]LogModuleManager: Shutting down and abandoning module LinuxTargetPlatform (37)
[2015.05.13-15.20.03:734][849]LogModuleManager: Shutting down and abandoning module LinuxServerTargetPlatform (36)
[2015.05.13-15.20.03:734][849]LogModuleManager: Shutting down and abandoning module LinuxNoEditorTargetPlatform (35)
[2015.05.13-15.20.03:734][849]LogModuleManager: Shutting down and abandoning module Messaging (34)
[2015.05.13-15.20.03:734][849]LogModuleManager: Shutting down and abandoning module IOSTargetPlatform (33)
[2015.05.13-15.20.03:734][849]LogModuleManager: Shutting down and abandoning module HTML5TargetPlatform (32)
[2015.05.13-15.20.03:734][849]LogModuleManager: Shutting down and abandoning module Android_PVRTCTargetPlatform (31)
[2015.05.13-15.20.03:734][849]LogModuleManager: Shutting down and abandoning module Android_ETC2TargetPlatform (30)
[2015.05.13-15.20.03:734][849]LogModuleManager: Shutting down and abandoning module Android_ETC1TargetPlatform (29)
[2015.05.13-15.20.03:734][849]LogModuleManager: Shutting down and abandoning module Android_ES31TargetPlatform (28)
[2015.05.13-15.20.03:734][849]LogModuleManager: Shutting down and abandoning module Android_DXTTargetPlatform (27)
[2015.05.13-15.20.03:734][849]LogModuleManager: Shutting down and abandoning module Android_ATCTargetPlatform (26)
[2015.05.13-15.20.03:734][849]LogModuleManager: Shutting down and abandoning module AndroidTargetPlatform (25)
[2015.05.13-15.20.03:734][849]LogModuleManager: Shutting down and abandoning module WindowsTargetPlatform (24)
[2015.05.13-15.20.03:734][849]LogModuleManager: Shutting down and abandoning module WindowsServerTargetPlatform (23)
[2015.05.13-15.20.03:734][849]LogModuleManager: Shutting down and abandoning module WindowsNoEditorTargetPlatform (22)
[2015.05.13-15.20.03:734][849]LogModuleManager: Shutting down and abandoning module WindowsClientTargetPlatform (21)
[2015.05.13-15.20.03:734][849]LogModuleManager: Shutting down and abandoning module TargetPlatform (20)
[2015.05.13-15.20.03:734][849]LogModuleManager: Shutting down and abandoning module InputCore (19)
[2015.05.13-15.20.03:734][849]LogModuleManager: Shutting down and abandoning module Settings (18)
[2015.05.13-15.20.03:734][849]LogModuleManager: Shutting down and abandoning module OnlineSubsystem (16)
[2015.05.13-15.20.03:734][849]LogModuleManager: Shutting down and abandoning module OculusRift (15)
[2015.05.13-15.20.03:734][849]LogModuleManager: Shutting down and abandoning module ExampleDeviceProfileSelector (14)
[2015.05.13-15.20.03:734][849]LogModuleManager: Shutting down and abandoning module TextureCompressor (13)
[2015.05.13-15.20.03:735][849]LogModuleManager: Shutting down and abandoning module ShaderCore (12)
[2015.05.13-15.20.03:735][849]LogModuleManager: Shutting down and abandoning module Landscape (11)
[2015.05.13-15.20.03:735][849]LogModuleManager: Shutting down and abandoning module SlateRHIRenderer (10)
[2015.05.13-15.20.03:736][849]LogModuleManager: Shutting down and abandoning module OpenGLDrv (9)
[2015.05.13-15.20.03:736][849]LogModuleManager: Shutting down and abandoning module D3D11RHI (8)
[2015.05.13-15.20.03:736][849]LogModuleManager: Shutting down and abandoning module Renderer (7)
[2015.05.13-15.20.03:736][849]LogModuleManager: Shutting down and abandoning module Engine (6)
[2015.05.13-15.20.03:736][849]LogModuleManager: Shutting down and abandoning module CoreUObject (5)
[2015.05.13-15.20.03:736][849]LogModuleManager: Shutting down and abandoning module NetworkFile (4)
[2015.05.13-15.20.03:736][849]LogModuleManager: Shutting down and abandoning module StreamingFile (3)
[2015.05.13-15.20.03:736][849]LogModuleManager: Shutting down and abandoning module SandboxFile (2)
[2015.05.13-15.20.03:736][849]LogModuleManager: Shutting down and abandoning module PakFile (1)
[2015.05.13-15.20.03:737][849]LogExit: Exiting.
[2015.05.13-15.20.03:768][849]Log file closed, 05/13/15 08:20:03
