Log file open, 05/13/15 13:27:49
LogInit:Display: Running engine for game: Template
LogInit: Version: 4.7.6-2513093+++depot+UE4-Releases+4.7
LogInit: API Version: 2455222
LogInit: Compiled (64-bit): Apr 15 2015 12:09:54
LogInit: Compiled with Visual C++: 18.00.21005.01
LogInit: Build Configuration: Development
LogInit: Branch Name: ++depot+UE4-Releases+4.7
LogInit: Command line:  
LogInit: Base directory: C:/Program Files/Epic Games/4.7/Engine/Binaries/Win64/
LogInit: Rocket: 1
[2015.05.13-20.27.49:155][  0]LogTaskGraph: Started task graph with 3 named threads and 6 total threads.
[2015.05.13-20.27.49:246][  0]LogOnline:Warning: No default platform service specified for OnlineSubsystem
[2015.05.13-20.27.49:277][  0]LogInit: Presizing for 0 objects not considered by GC, pre-allocating 0 bytes.
[2015.05.13-20.27.49:287][  0]LogInit: Object subsystem initialized
[2015.05.13-20.27.49:289][  0]LogInit: Selected Device Profile: [Windows]
[2015.05.13-20.27.49:289][  0]LogInit: Applying CVar settings loaded from the selected device profile: [Windows]
[2015.05.13-20.27.49:299][  0]LogInit: Computer: TON-LAPTOP
[2015.05.13-20.27.49:299][  0]LogInit: User: Jose
[2015.05.13-20.27.49:299][  0]LogInit: CPU Page size=4096, Cores=4
[2015.05.13-20.27.49:299][  0]LogInit: High frequency timer resolution =2.338446 MHz
[2015.05.13-20.27.49:299][  0]LogMemory: Memory total: Physical=7.9GB (8GB approx) Virtual=131072.0GB
[2015.05.13-20.27.49:299][  0]LogMemory: Platform Memory Stats for Windows
[2015.05.13-20.27.49:299][  0]LogMemory: Process Physical Memory: 46.27 MB used, 46.27 MB peak
[2015.05.13-20.27.49:299][  0]LogMemory: Process Virtual Memory: 26.55 MB used, 26.55 MB peak
[2015.05.13-20.27.49:299][  0]LogMemory: Physical Memory: 5073.14 MB used, 8057.77 MB total
[2015.05.13-20.27.49:299][  0]LogMemory: Virtual Memory: 289.01 MB used, 134217728.00 MB total
[2015.05.13-20.27.49:371][  0]LogD3D11RHI: Found D3D11 adapter 0: Intel(R) HD Graphics 4000 (Feature Level 11_0)
[2015.05.13-20.27.49:371][  0]LogD3D11RHI: Adapter has 32MB of dedicated video memory, 0MB of dedicated system memory, and 1760MB of shared system memory, 1 output[s]
[2015.05.13-20.27.49:397][  0]LogD3D11RHI: Found D3D11 adapter 1: NVIDIA GeForce GTX 660M (Feature Level 11_0)
[2015.05.13-20.27.49:397][  0]LogD3D11RHI: Adapter has 1987MB of dedicated video memory, 0MB of dedicated system memory, and 2048MB of shared system memory, 0 output[s]
[2015.05.13-20.27.49:400][  0]LogD3D11RHI: Found D3D11 adapter 2: Microsoft Basic Render Driver (Feature Level 11_0)
[2015.05.13-20.27.49:400][  0]LogD3D11RHI: Adapter has 0MB of dedicated video memory, 0MB of dedicated system memory, and 256MB of shared system memory, 0 output[s]
[2015.05.13-20.27.49:400][  0]LogD3D11RHI: Chosen D3D11 Adapter Id = 0
[2015.05.13-20.27.49:407][  0]LogRHI: Texture pool is 1361 MB (70% of 1945 MB)
[2015.05.13-20.27.49:428][  0]LogD3D11RHI: Async texture creation enabled
[2015.05.13-20.27.49:600][  0]LogTextLocalizationManager: The requested culture ('en_US') has no localization data; parent culture's ('en') localization data will be used.
[2015.05.13-20.27.49:665][  0]LogTextLocalizationManager:Warning: Loading localization resources contain conflicting entries for (Namespace:UICommands, Key:Save_ToolTip):
Resource: (C:/Program Files/Epic Games/4.7/Engine/Content/Localization/Editor/en/Editor.locres) Hash: (-29098895) String: (Saves the current level to disk)
Resource: (C:/Program Files/Epic Games/4.7/Engine/Content/Localization/Engine/en/Engine.locres) Hash: (-1280300587) String: (Save selected data to vlog file)
[2015.05.13-20.27.49:665][  0]LogTextLocalizationManager:Warning: Loading localization resources contain conflicting entries for (Namespace:ContentBrowser, Key:ImportAssetToolTip):
Resource: (C:/Program Files/Epic Games/4.7/Engine/Content/Localization/Editor/en/Editor.locres) Hash: (-630476809) String: (Import to {0}...)
Resource: (C:/Program Files/Epic Games/4.7/Engine/Content/Localization/Editor/en/Editor.locres) Hash: (1271782899) String: (Imports an asset from file to this folder.)
[2015.05.13-20.27.49:748][  0]LogContentStreaming: Texture pool size is 0.000000MB
[2015.05.13-20.27.52:521][  0]LogTargetPlatformManager:Display: Building Assets For Windows
[2015.05.13-20.27.53:388][  0]LogTargetPlatformManager:Display: Building Assets For Windows
[2015.05.13-20.27.53:483][  0]LogDerivedDataCache:Display: Max Cache Size: 512 MB
[2015.05.13-20.27.53:521][  0]LogDerivedDataCache: Loaded boot cache 0.04s 39MB C:/Users/Jose/AppData/Local/UnrealEngine/4.7/DerivedDataCache/Boot.ddc.
[2015.05.13-20.27.53:521][  0]LogDerivedDataCache:Display: Loaded Boot cache: C:/Users/Jose/AppData/Local/UnrealEngine/4.7/DerivedDataCache/Boot.ddc
[2015.05.13-20.27.53:521][  0]LogDerivedDataCache: FDerivedDataBackendGraph:  Pak pak cache file ../../../../../../Users/Jose/Documents/Unreal Projects/ProjectK/DerivedDataCache/DDC.ddp not found, will not use a pak cache.
[2015.05.13-20.27.53:521][  0]LogDerivedDataCache: Unable to find inner node Pak for hierarchical cache Hierarchy.
[2015.05.13-20.27.53:644][  0]LogDerivedDataCache:Display: Pak cache opened for reading ../../../Engine/DerivedDataCache/Compressed.ddp.
[2015.05.13-20.27.53:657][  0]LogDerivedDataCache: Using Local data cache path C:/Users/Jose/AppData/Local/UnrealEngine/Common/DerivedDataCache: Writable
[2015.05.13-20.27.54:023][  0]LogMeshUtilities: No automatic mesh reduction module available
[2015.05.13-20.27.54:023][  0]LogMeshUtilities: No automatic mesh merging module available
[2015.05.13-20.27.54:517][  0]LogInit: WinSock: version 1.1 (2.2), MaxSocks=32767, MaxUdp=65467
[2015.05.13-20.27.54:671][  0]LogSlate:Warning: Failed to load font data from '../../../Engine/Content/Slate/Fonts/Roboto-Italic.ttf'
[2015.05.13-20.27.55:853][  0]UdpMessaging: Initializing bridge on interface 0.0.0.0:0 to multicast group 230.0.0.1:6666.
[2015.05.13-20.27.56:253][  0]SourceControl: Info Source control is disabled
[2015.05.13-20.27.56:253][  0]SourceControl: Info Source control is disabled
[2015.05.13-20.27.56:253][  0]SourceControl: Info Source control is disabled
[2015.05.13-20.27.56:253][  0]LogSourceControl: RunCommandInternalRaw: 'git version'
[2015.05.13-20.27.56:253][  0]LogSourceControl: RunCommandInternalRaw: ExecProcess ReturnCode=2 OutResults=''
[2015.05.13-20.27.56:269][  0]SourceControl: Info Source control is disabled
[2015.05.13-20.27.56:663][  0]LogObj: 24232 objects as part of root set at end of initial load.
[2015.05.13-20.27.56:663][  0]LogUObjectAllocator: 5137176 out of 0 bytes used by permanent object pool.
[2015.05.13-20.27.56:777][  0]LogEngine: Initializing Engine...
[2015.05.13-20.28.00:242][  0]LogInit: XAudio2 using 'Speakers (Realtek High Definition Audio)' : 2 channels at 48 kHz using 32 bits per sample (channel mask 0x3)
[2015.05.13-20.28.00:260][  0]LogInit: FAudioDevice initialized.
[2015.05.13-20.28.00:326][  0]LogAIModule: Creating AISystem for world NewWorld
[2015.05.13-20.28.00:349][  0]LogDerivedDataCache: Saved boot cache 0.02s 39MB C:/Users/Jose/AppData/Local/UnrealEngine/4.7/DerivedDataCache/Boot.ddc.
[2015.05.13-20.28.00:354][  0]LogInit: Texture streaming: Enabled
[2015.05.13-20.28.00:496][  0]LogAnalytics: Creating configured Analytics provider AnalyticsET
[2015.05.13-20.28.00:496][  0]LogAnalytics: ET APIKey = Rocket.Release. APIServer = http://et2.epicgames.com/ET2/. AppVersion = 4.7.6-2513093+++depot+UE4-Releases+4.7
[2015.05.13-20.28.00:496][  0]LogAnalytics: ET APIKey = Rocket.Release. DataRouterUploadURL = https://datarouter-public-service-gamedev.ol.epicgames.net/datarouter/api/v1/public/data. AppVersion = 4.7.6-2513093+++depot+UE4-Releases+4.7
[2015.05.13-20.28.00:496][  0]LogAnalytics: SetUserId d54954424e4db83ddf51c5a4e4c6364a|49b0f3f337ad49818cd4c9de529e7d46|7eb4e93a-35aa-4db5-a179-1150e7b0dc46
[2015.05.13-20.28.00:496][  0]LogAnalytics: AnalyticsET::StartSession [Rocket.Release]
[2015.05.13-20.28.00:559][  0]LogInit: Transaction tracking system initialized
[2015.05.13-20.28.00:886][  0]BlueprintLog: New page: Editor Load
[2015.05.13-20.28.00:941][  0]LogAssetRegistry: FAssetRegistry took 0.0108 seconds to start up
[2015.05.13-20.28.00:941][  0]LogDirectoryWatcher:Warning: Failed to begin reading directory changes for ../../../Engine/Plugins/Experimental/CharacterAI/Content/. Error: 0
[2015.05.13-20.28.01:847][  0]LogTargetPlatformManager:Display: Building Assets For Windows
[2015.05.13-20.28.02:390][  0]LogTargetPlatformManager:Display: Building Assets For Windows
[2015.05.13-20.28.02:855][  0]LogSlate:Warning: Failed to load font data from '../../../Engine/Content/Editor/Slate/Fonts/Roboto-Regular.ttf'
[2015.05.13-20.28.02:856][  0]LogSlate:Warning: Failed to load font data from '../../../Engine/Content/Editor/Slate/Fonts/Roboto-Bold.ttf'
[2015.05.13-20.28.02:862][  0]LogConsoleResponse:Display: 
[2015.05.13-20.28.03:046][  0]LogCook:Display: Done creating registry. It took  0.00s.
[2015.05.13-20.28.03:316][  0]SourceControl: Info Source control is disabled
[2015.05.13-20.28.03:316][  0]Cmd: MAP LOAD FILE="../../../../../../Users/Jose/Documents/Unreal Projects/ProjectK/Content/Maps/KYMAp.umap" TEMPLATE=0 SHOWPROGRESS=1 FEATURELEVEL=3
[2015.05.13-20.28.03:317][  0]LightingResults: New page: Lighting Build
[2015.05.13-20.28.03:337][  0]MapCheck: New page: Map Check
[2015.05.13-20.28.03:337][  0]LightingResults: New page: Lighting Build
[2015.05.13-20.28.03:344][  0]LogParticles: Destroying 0 GPU particle simulations for FXSystem 0x000000C0C4F02520
[2015.05.13-20.28.08:601][  0]LogEditorServer: Finished looking for orphan Actors (0.000 secs)
[2015.05.13-20.28.08:602][  0]LogAIModule: Creating AISystem for world KYMAp
[2015.05.13-20.28.08:603][  0]Cmd: MAP CHECKDEP
[2015.05.13-20.28.08:603][  0]MapCheck: New page: KYMAp - May 13, 2015, 6:28:08 AM
[2015.05.13-20.28.08:795][  0]MapCheck: Info Map check complete: 0 Error(s), 0 Warning(s), took 192.468ms to complete.
[2015.05.13-20.28.08:795][  0]LogFileHelpers: Loading map 'KYMAp' took 5.479
[2015.05.13-20.28.08:986][  0]LogCollectionManager: Loaded 0 collections in 0.002092 seconds
[2015.05.13-20.28.09:000][  0]LogContentBrowser: Native class hierarchy populated in 0.0134 seconds. Added 1696 classes and 261 folders.
[2015.05.13-20.28.09:060][  0]LogContentBrowser: Native class hierarchy updated for 'SceneOutliner' in 0.0052 seconds. Added 1 classes and 2 folders.
[2015.05.13-20.28.09:172][  0]LogCrashTracker: Crashtracker disabled due to settings.
[2015.05.13-20.28.09:174][  0]LogSlate:Warning: Failed to load font data from 'Veranda'
[2015.05.13-20.28.09:181][  0]LogUObjectGlobals:Warning: Failed to find object 'Class None.'
[2015.05.13-20.28.09:217][  0]LogLoad: Full Startup: 22.34 seconds (BP compile: 2.39 seconds)
[2015.05.13-20.28.09:753][  0]LogContentBrowser:Verbose: The content browser source was changed by the sources view to '/Game/Music'
[2015.05.13-20.28.10:069][  2]LogRenderer:Warning: Reallocating scene render targets to support 856x384 (Frame:2).
[2015.05.13-20.28.13:949][ 13]LogAssetRegistry: Asset discovery search completed in 13.0189 seconds
[2015.05.13-20.29.15:316][399]LogFactory: FactoryCreateBinary: SoundWave with SoundFactory (0 0 ../../../../../../Users/Jose/Downloads/cartoon059.wav)
[2015.05.13-20.29.15:316][399]Error: Currently, only 16 bit WAV files are supported (cartoon059).
[2015.05.13-20.29.18:232][399]LogAssetTools:Warning: Failed to import '../../../../../../Users/Jose/Downloads/cartoon059.wav'. Failed to create asset '/Game/Music/cartoon059'
[2015.05.13-20.29.49:933][838]LogFactory: FactoryCreateBinary: SoundWave with SoundFactory (0 0 ../../../../../../Users/Jose/Downloads/cartoon008.wav)
[2015.05.13-20.29.49:952][838]LogAudioDerivedData:Display: Building compressed audio format OGG wave cartoon008...
[2015.05.13-20.29.49:982][838]LogAudioDerivedData:Warning: Updated SoundWave->RawPCMDataSize during cooking SoundWave /Game/Music/cartoon008.cartoon008.
[2015.05.13-20.29.49:985][838]LogContentBrowser:Verbose: The content browser source was changed by the sources view to 'None'
[2015.05.13-20.29.49:985][838]LogContentBrowser:Verbose: The content browser source was changed by the sources view to '/Game/Music'
[2015.05.13-20.30.00:691][ 44]Cmd: OBJ SAVEPACKAGE PACKAGE="/Game/Music/boing_sound" FILE="../../../../../../Users/Jose/Documents/Unreal Projects/ProjectK/Content/Music/boing_sound.uasset" SILENT=true
[2015.05.13-20.30.00:710][ 44]LogSavePackage: Save=15.726684ms
[2015.05.13-20.30.00:710][ 44]LogSavePackage: Moving '../../../../../../Users/Jose/Documents/Unreal Projects/ProjectK/Saved/boing_sound0C42EC31438B35450120AA8E86990273.tmp' to '../../../../../../Users/Jose/Documents/Unreal Projects/ProjectK/Content/Music/boing_sound.uasset'
[2015.05.13-20.31.11:540][506]LogContentBrowser:Verbose: The content browser source was changed by the sources view to '/Game'
[2015.05.13-20.31.14:934][849]LogContentBrowser:Verbose: The content browser source was changed by the sources view to '/Game/MySprites'
[2015.05.13-20.31.19:047][309]LogContentBrowser:Verbose: The content browser source was changed by the sources view to '/Game'
[2015.05.13-20.31.20:071][420]LogContentBrowser:Verbose: The content browser source was changed by the sources view to '/Game/Blueprints'
[2015.05.13-20.33.54:039][620]BlueprintLog: New page: Compile MyCharacter
[2015.05.13-20.33.54:748][620]BlueprintEditorCompileResults: Info [0367.87] Compile of MyCharacter successful! [in 708 ms]
[2015.05.13-20.33.56:325][779]BlueprintLog: New page: Pre-PIE auto-recompile
[2015.05.13-20.33.56:331][779]LogPlayLevel: [PIE] Compiling 2DSideScrollerGameMode before PIE...
[2015.05.13-20.33.56:497][779]LogPlayLevel: [PIE] Compiling Enemy before PIE...
[2015.05.13-20.33.56:718][779]LogPlayLevel: [PIE] Compiling Projectile before PIE...
[2015.05.13-20.33.56:824][779]LogPlayLevel: [PIE] Compiling PauseMenu before PIE...
[2015.05.13-20.33.56:996][779]LogPlayLevel: [PIE] Compiling TouchInputs before PIE...
[2015.05.13-20.33.57:138][779]LogPlayLevel: [PIE] Compiling MyCharacter before PIE...
[2015.05.13-20.33.57:800][779]LogPlayLevel: [PIE] Compiling SteveTheBadguy before PIE...
[2015.05.13-20.33.57:881][779]LogPlayLevel: PIE:  Blueprint regeneration took 1555 ms (7 blueprints)
[2015.05.13-20.33.57:881][779]PIE: New page: PIE session: KYMAp (May 13, 2015, 6:33:57 AM)
[2015.05.13-20.33.57:892][779]LogPlayLevel: PIE: StaticDuplicateObject took: (0.010471s)
[2015.05.13-20.33.57:892][779]LogPlayLevel: PIE: World Init took: (0.000451s)
[2015.05.13-20.33.57:893][779]LogPlayLevel: PIE: Created PIE world by copying editor world from /Game/Maps/KYMAp.KYMAp to /Game/Maps/UEDPIE_0_KYMAp.KYMAp (0.011115s)
[2015.05.13-20.33.57:942][779]LogWorld: Game class is '2DSideScrollerGameMode_C'
[2015.05.13-20.33.57:947][779]LogAIModule: Creating AISystem for world KYMAp
[2015.05.13-20.33.57:958][779]LogWorld: Bringing World /Game/Maps/UEDPIE_0_KYMAp.KYMAp up for play (max tick rate 0) at 2015.05.13-13.33.57
[2015.05.13-20.33.57:959][779]LogWorld: Bringing up level for play took: 0.011813
[2015.05.13-20.33.57:976][779]PIE: Info Play in editor start time for /Game/Maps/UEDPIE_0_KYMAp 0.887
[2015.05.13-20.33.58:214][779]LogRenderer:Warning: Reallocating scene render targets to support 1296x760 (Frame:10875).
[2015.05.13-20.34.21:747][827]LogParticles: Destroying 0 GPU particle simulations for FXSystem 0x000000C0D77E82C0
[2015.05.13-20.34.26:371][252]Cmd: OBJ SAVEPACKAGE PACKAGE="/Game/Blueprints/MyCharacter" FILE="../../../../../../Users/Jose/Documents/Unreal Projects/ProjectK/Content/Blueprints/MyCharacter.uasset" SILENT=true
[2015.05.13-20.34.27:808][252]LogSavePackage: Save=1369.299927ms
[2015.05.13-20.34.27:808][252]LogSavePackage: Moving '../../../../../../Users/Jose/Documents/Unreal Projects/ProjectK/Saved/MyCharacterFC5F75884F9EE31ACB0BDA8229323607.tmp' to '../../../../../../Users/Jose/Documents/Unreal Projects/ProjectK/Content/Blueprints/MyCharacter.uasset'
[2015.05.13-20.34.31:333][614]Cmd: OBJ SAVEPACKAGE PACKAGE="/Game/Maps/KYMAp" FILE="../../../../../../Users/Jose/Documents/Unreal Projects/ProjectK/Content/Maps/KYMAp.umap" SILENT=true AUTOSAVING=false KEEPDIRTY=false
[2015.05.13-20.34.31:678][614]LogSavePackage